[WRN][1684188161.6128757000] /usr/local/share/zsh/antigen.zsh:266
[WRN][1684188161.6128757000] -antigen-interactive-mode: file:file:shfunc:shfunc $_ANTIGEN_INTERACTIVE = 
[WRN][1684188161.6137714386] /usr/local/share/zsh/antigen.zsh:1572
[WRN][1684188161.6137714386] -antigen-lock-init return code was 0
[LOG][1684188161.6139569283] /usr/local/share/zsh/antigen.zsh:1574
[LOG][1684188161.6139569283] LOADED EXTENSION lock EXT
[WRN][1684188161.6171011925] /usr/local/share/zsh/antigen.zsh:1684
[WRN][1684188161.6171011925] Init parallel extension PARALLEL
[WRN][1684188161.6173379421] /usr/local/share/zsh/antigen.zsh:266
[WRN][1684188161.6173379421] -antigen-interactive-mode: file:file:shfunc:shfunc:shfunc:eval:shfunc:shfunc $_ANTIGEN_INTERACTIVE = 
[WRN][1684188161.6176083088] /usr/local/share/zsh/antigen.zsh:1572
[WRN][1684188161.6176083088] -antigen-parallel-init return code was 0
[LOG][1684188161.6177787781] /usr/local/share/zsh/antigen.zsh:1574
[LOG][1684188161.6177787781] LOADED EXTENSION parallel EXT
[WRN][1684188161.6179575920] /usr/local/share/zsh/antigen.zsh:1692
[WRN][1684188161.6179575920] Exec parallel extension PARALLEL
[WRN][1684188161.6187391281] /usr/local/share/zsh/antigen.zsh:266
[WRN][1684188161.6187391281] -antigen-interactive-mode: file:file:shfunc:shfunc:shfunc:eval:shfunc:shfunc $_ANTIGEN_INTERACTIVE = 
[WRN][1684188161.6189718246] /usr/local/share/zsh/antigen.zsh:1572
[WRN][1684188161.6189718246] -antigen-defer-init return code was 0
[LOG][1684188161.6191349030] /usr/local/share/zsh/antigen.zsh:1574
[LOG][1684188161.6191349030] LOADED EXTENSION defer EXT
[WRN][1684188161.6212890148] /usr/local/share/zsh/antigen.zsh:266
[WRN][1684188161.6212890148] -antigen-interactive-mode: file:file:shfunc:shfunc:shfunc:eval:shfunc:shfunc $_ANTIGEN_INTERACTIVE = 
[WRN][1684188161.6219131947] /usr/local/share/zsh/antigen.zsh:1572
[WRN][1684188161.6219131947] -antigen-cache-init return code was 0
[LOG][1684188161.6220829487] /usr/local/share/zsh/antigen.zsh:1574
[LOG][1684188161.6220829487] LOADED EXTENSION cache EXT
[WRN][1684188161.6334695816] /usr/local/share/zsh/antigen.zsh:1469
[WRN][1684188161.6334695816] Updated meta: target antigen mode once type pre called 1
[WRN][1684188161.6336936951] /usr/local/share/zsh/antigen.zsh:1484
[WRN][1684188161.6336936951] Processing hooks: antigen-lock
[WRN][1684188161.6338660717] /usr/local/share/zsh/antigen.zsh:1487
[WRN][1684188161.6338660717] Pre hook: antigen-lock use oh-my-zsh
[LOG][1684188161.6340610981] /usr/local/share/zsh/antigen.zsh:1658
[LOG][1684188161.6340610981] antigen-lock called
[WRN][1684188161.6342585087] /usr/local/share/zsh/antigen.zsh:1669
[WRN][1684188161.6342585087] Creating antigen-lock file at /home/dmitry/.antigen/.lock
[WRN][1684188161.6374049187] /usr/local/share/zsh/antigen.zsh:1505
[WRN][1684188161.6374049187] -antigen-hook-antigen use oh-my-zsh
[WRN][1684188161.6415228844] /usr/local/share/zsh/antigen.zsh:1469
[WRN][1684188161.6415228844] Updated meta: target antigen-bundle mode repeat type replace called 1
[WRN][1684188161.6418352127] /usr/local/share/zsh/antigen.zsh:1469
[WRN][1684188161.6418352127] Updated meta: target antigen-bundle mode repeat type pre called 1
[WRN][1684188161.6420524120] /usr/local/share/zsh/antigen.zsh:1484
[WRN][1684188161.6420524120] Processing hooks: antigen-bundle-defer antigen-bundle-cached
[WRN][1684188161.6422314644] /usr/local/share/zsh/antigen.zsh:1487
[WRN][1684188161.6422314644] Pre hook: antigen-bundle-cached --loc=lib
[WRN][1684188161.6425137520] /usr/local/share/zsh/antigen.zsh:1498
[WRN][1684188161.6425137520] Replace hook: antigen-bundle-defer --loc=lib
[WRN][1684188161.6427679062] /usr/local/share/zsh/antigen.zsh:1500
[WRN][1684188161.6427679062] antigen-bundle-defer shortcircuited
[LOG][1684188161.6430900097] /usr/local/share/zsh/antigen.zsh:1518
[LOG][1684188161.6430900097] Return from hook antigen with 0
[WRN][1684188161.6435227394] /usr/local/share/zsh/antigen.zsh:1462
[WRN][1684188161.6435227394] Ignoring hook due to mode once: antigen-lock
[WRN][1684188161.6436922550] /usr/local/share/zsh/antigen.zsh:1484
[WRN][1684188161.6436922550] Processing hooks: antigen-lock
[WRN][1684188161.6438920498] /usr/local/share/zsh/antigen.zsh:1505
[WRN][1684188161.6438920498] -antigen-hook-antigen bundle zsh-users/zsh-syntax-highlighting
[WRN][1684188161.6443362236] /usr/local/share/zsh/antigen.zsh:1469
[WRN][1684188161.6443362236] Updated meta: target antigen-bundle mode repeat type replace called 2
[WRN][1684188161.6446077824] /usr/local/share/zsh/antigen.zsh:1469
[WRN][1684188161.6446077824] Updated meta: target antigen-bundle mode repeat type pre called 2
[WRN][1684188161.6448097229] /usr/local/share/zsh/antigen.zsh:1484
[WRN][1684188161.6448097229] Processing hooks: antigen-bundle-defer antigen-bundle-cached
[WRN][1684188161.6449809074] /usr/local/share/zsh/antigen.zsh:1487
[WRN][1684188161.6449809074] Pre hook: antigen-bundle-cached zsh-users/zsh-syntax-highlighting
[WRN][1684188161.6452496052] /usr/local/share/zsh/antigen.zsh:1498
[WRN][1684188161.6452496052] Replace hook: antigen-bundle-defer zsh-users/zsh-syntax-highlighting
[WRN][1684188161.6454918385] /usr/local/share/zsh/antigen.zsh:1500
[WRN][1684188161.6454918385] antigen-bundle-defer shortcircuited
[LOG][1684188161.6457557678] /usr/local/share/zsh/antigen.zsh:1518
[LOG][1684188161.6457557678] Return from hook antigen with 0
[WRN][1684188161.6461544037] /usr/local/share/zsh/antigen.zsh:1462
[WRN][1684188161.6461544037] Ignoring hook due to mode once: antigen-lock
[WRN][1684188161.6463189125] /usr/local/share/zsh/antigen.zsh:1484
[WRN][1684188161.6463189125] Processing hooks: antigen-lock
[WRN][1684188161.6465198994] /usr/local/share/zsh/antigen.zsh:1505
[WRN][1684188161.6465198994] -antigen-hook-antigen bundle zsh-users/zsh-autosuggestions
[WRN][1684188161.6469540596] /usr/local/share/zsh/antigen.zsh:1469
[WRN][1684188161.6469540596] Updated meta: target antigen-bundle mode repeat type replace called 3
[WRN][1684188161.6472177505] /usr/local/share/zsh/antigen.zsh:1469
[WRN][1684188161.6472177505] Updated meta: target antigen-bundle mode repeat type pre called 3
[WRN][1684188161.6474058628] /usr/local/share/zsh/antigen.zsh:1484
[WRN][1684188161.6474058628] Processing hooks: antigen-bundle-defer antigen-bundle-cached
[WRN][1684188161.6475851536] /usr/local/share/zsh/antigen.zsh:1487
[WRN][1684188161.6475851536] Pre hook: antigen-bundle-cached zsh-users/zsh-autosuggestions
[WRN][1684188161.6478490829] /usr/local/share/zsh/antigen.zsh:1498
[WRN][1684188161.6478490829] Replace hook: antigen-bundle-defer zsh-users/zsh-autosuggestions
[WRN][1684188161.6480720043] /usr/local/share/zsh/antigen.zsh:1500
[WRN][1684188161.6480720043] antigen-bundle-defer shortcircuited
[LOG][1684188161.6483426094] /usr/local/share/zsh/antigen.zsh:1518
[LOG][1684188161.6483426094] Return from hook antigen with 0
[WRN][1684188161.6487410069] /usr/local/share/zsh/antigen.zsh:1462
[WRN][1684188161.6487410069] Ignoring hook due to mode once: antigen-lock
[WRN][1684188161.6489050388] /usr/local/share/zsh/antigen.zsh:1484
[WRN][1684188161.6489050388] Processing hooks: antigen-lock
[WRN][1684188161.6490881443] /usr/local/share/zsh/antigen.zsh:1505
[WRN][1684188161.6490881443] -antigen-hook-antigen bundle zsh-users/zsh-completions
[WRN][1684188161.6495375633] /usr/local/share/zsh/antigen.zsh:1469
[WRN][1684188161.6495375633] Updated meta: target antigen-bundle mode repeat type replace called 4
[WRN][1684188161.6497993469] /usr/local/share/zsh/antigen.zsh:1469
[WRN][1684188161.6497993469] Updated meta: target antigen-bundle mode repeat type pre called 4
[WRN][1684188161.6499900818] /usr/local/share/zsh/antigen.zsh:1484
[WRN][1684188161.6499900818] Processing hooks: antigen-bundle-defer antigen-bundle-cached
[WRN][1684188161.6501657963] /usr/local/share/zsh/antigen.zsh:1487
[WRN][1684188161.6501657963] Pre hook: antigen-bundle-cached zsh-users/zsh-completions
[WRN][1684188161.6504309177] /usr/local/share/zsh/antigen.zsh:1498
[WRN][1684188161.6504309177] Replace hook: antigen-bundle-defer zsh-users/zsh-completions
[WRN][1684188161.6506597996] /usr/local/share/zsh/antigen.zsh:1500
[WRN][1684188161.6506597996] antigen-bundle-defer shortcircuited
[LOG][1684188161.6509332657] /usr/local/share/zsh/antigen.zsh:1518
[LOG][1684188161.6509332657] Return from hook antigen with 0
[WRN][1684188161.6513237953] /usr/local/share/zsh/antigen.zsh:1462
[WRN][1684188161.6513237953] Ignoring hook due to mode once: antigen-lock
[WRN][1684188161.6514933109] /usr/local/share/zsh/antigen.zsh:1484
[WRN][1684188161.6514933109] Processing hooks: antigen-lock
[WRN][1684188161.6516776085] /usr/local/share/zsh/antigen.zsh:1505
[WRN][1684188161.6516776085] -antigen-hook-antigen theme gentoo
[WRN][1684188161.6567389965] /usr/local/share/zsh/antigen.zsh:1469
[WRN][1684188161.6567389965] Updated meta: target antigen-bundle mode repeat type replace called 5
[WRN][1684188161.6570577621] /usr/local/share/zsh/antigen.zsh:1469
[WRN][1684188161.6570577621] Updated meta: target antigen-bundle mode repeat type pre called 5
[WRN][1684188161.6572668552] /usr/local/share/zsh/antigen.zsh:1484
[WRN][1684188161.6572668552] Processing hooks: antigen-bundle-defer antigen-bundle-cached
[WRN][1684188161.6574583054] /usr/local/share/zsh/antigen.zsh:1487
[WRN][1684188161.6574583054] Pre hook: antigen-bundle-cached --loc=themes/gentoo --btype=theme
[WRN][1684188161.6577506065] /usr/local/share/zsh/antigen.zsh:1498
[WRN][1684188161.6577506065] Replace hook: antigen-bundle-defer --loc=themes/gentoo --btype=theme
[WRN][1684188161.6579921246] /usr/local/share/zsh/antigen.zsh:1500
[WRN][1684188161.6579921246] antigen-bundle-defer shortcircuited
[LOG][1684188161.6583259106] /usr/local/share/zsh/antigen.zsh:1518
[LOG][1684188161.6583259106] Return from hook antigen with 0
[WRN][1684188161.6587705612] /usr/local/share/zsh/antigen.zsh:1462
[WRN][1684188161.6587705612] Ignoring hook due to mode once: antigen-lock
[WRN][1684188161.6589419842] /usr/local/share/zsh/antigen.zsh:1484
[WRN][1684188161.6589419842] Processing hooks: antigen-lock
[WRN][1684188161.6591298580] /usr/local/share/zsh/antigen.zsh:1505
[WRN][1684188161.6591298580] -antigen-hook-antigen bundle genpass
[WRN][1684188161.6595768929] /usr/local/share/zsh/antigen.zsh:1469
[WRN][1684188161.6595768929] Updated meta: target antigen-bundle mode repeat type replace called 6
[WRN][1684188161.6598606110] /usr/local/share/zsh/antigen.zsh:1469
[WRN][1684188161.6598606110] Updated meta: target antigen-bundle mode repeat type pre called 6
[WRN][1684188161.6600561142] /usr/local/share/zsh/antigen.zsh:1484
[WRN][1684188161.6600561142] Processing hooks: antigen-bundle-defer antigen-bundle-cached
[WRN][1684188161.6602218151] /usr/local/share/zsh/antigen.zsh:1487
[WRN][1684188161.6602218151] Pre hook: antigen-bundle-cached genpass
[WRN][1684188161.6605024338] /usr/local/share/zsh/antigen.zsh:1498
[WRN][1684188161.6605024338] Replace hook: antigen-bundle-defer genpass
[WRN][1684188161.6607291698] /usr/local/share/zsh/antigen.zsh:1500
[WRN][1684188161.6607291698] antigen-bundle-defer shortcircuited
[LOG][1684188161.6609914303] /usr/local/share/zsh/antigen.zsh:1518
[LOG][1684188161.6609914303] Return from hook antigen with 0
[WRN][1684188161.6613790989] /usr/local/share/zsh/antigen.zsh:1462
[WRN][1684188161.6613790989] Ignoring hook due to mode once: antigen-lock
[WRN][1684188161.6615610123] /usr/local/share/zsh/antigen.zsh:1484
[WRN][1684188161.6615610123] Processing hooks: antigen-lock
[WRN][1684188161.6617462635] /usr/local/share/zsh/antigen.zsh:1505
[WRN][1684188161.6617462635] -antigen-hook-antigen apply
[WRN][1684188161.6621906757] /usr/local/share/zsh/antigen.zsh:1469
[WRN][1684188161.6621906757] Updated meta: target antigen-apply mode once type post called 1
[WRN][1684188161.6624705791] /usr/local/share/zsh/antigen.zsh:1469
[WRN][1684188161.6624705791] Updated meta: target antigen-apply mode once type pre called 1
[WRN][1684188161.6627478600] /usr/local/share/zsh/antigen.zsh:1469
[WRN][1684188161.6627478600] Updated meta: target antigen-apply mode once type replace called 1
[WRN][1684188161.6630136967] /usr/local/share/zsh/antigen.zsh:1469
[WRN][1684188161.6630136967] Updated meta: target antigen-apply mode once type pre called 1
[WRN][1684188161.6632719040] /usr/local/share/zsh/antigen.zsh:1469
[WRN][1684188161.6632719040] Updated meta: target antigen-apply mode once type post called 1
[WRN][1684188161.6634802818] /usr/local/share/zsh/antigen.zsh:1484
[WRN][1684188161.6634802818] Processing hooks: antigen-apply-lock antigen-apply-parallel antigen-apply-parallel-execute antigen-apply-defer antigen-apply-cached
[WRN][1684188161.6636540890] /usr/local/share/zsh/antigen.zsh:1487
[WRN][1684188161.6636540890] Pre hook: antigen-apply-parallel
[WRN][1684188161.6638300419] /usr/local/share/zsh/antigen.zsh:1744
[WRN][1684188161.6638300419] Parallel pre-apply PARALLEL PRE-APPLY
[WRN][1684188161.6642594337] /usr/local/share/zsh/antigen.zsh:1487
[WRN][1684188161.6642594337] Pre hook: antigen-apply-defer
[WRN][1684188161.6644361019] /usr/local/share/zsh/antigen.zsh:1623
[WRN][1684188161.6644361019] Defer pre-apply DEFER PRE-APPLY
[LOG][1684188161.6648886204] /usr/local/share/zsh/antigen.zsh:1629
[LOG][1684188161.6648886204] Processing deferred bundle: --loc=lib DEFER
[WRN][1684188161.6652796268] /usr/local/share/zsh/antigen.zsh:1469
[WRN][1684188161.6652796268] Updated meta: target antigen-bundle mode repeat type pre called 7
[WRN][1684188161.6655504704] /usr/local/share/zsh/antigen.zsh:1469
[WRN][1684188161.6655504704] Updated meta: target antigen-bundle mode repeat type replace called 1
[WRN][1684188161.6657471657] /usr/local/share/zsh/antigen.zsh:1484
[WRN][1684188161.6657471657] Processing hooks: antigen-bundle-cached antigen-bundle-parallel
[WRN][1684188161.6659259796] /usr/local/share/zsh/antigen.zsh:1487
[WRN][1684188161.6659259796] Pre hook: antigen-bundle-cached --loc=lib
[WRN][1684188161.6662058830] /usr/local/share/zsh/antigen.zsh:1498
[WRN][1684188161.6662058830] Replace hook: antigen-bundle-parallel --loc=lib
[TRA][1684188161.6663942337] /home/dmitry/.zshrc:1748
[TRA][1684188161.6663942337] antigen-bundle-parallel: --loc=lib PARALLEL
[TRA][1684188161.6663942337] TRACE
antigen-bundle-parallel
-antigen-hook-handler
antigen-bundle
antigen-apply-defer
-antigen-hook-handler
antigen-apply
-antigen-hook-antigen
-antigen-hook-handler
antigen
/home/dmitry/.zshrc
[WRN][1684188161.6666443348] /usr/local/share/zsh/antigen.zsh:1509
[WRN][1684188161.6666443348] Replaced hooked function.
[LOG][1684188161.6668143272] /usr/local/share/zsh/antigen.zsh:1518
[LOG][1684188161.6668143272] Return from hook antigen-bundle with 0
[LOG][1684188161.6670384407] /usr/local/share/zsh/antigen.zsh:1629
[LOG][1684188161.6670384407] Processing deferred bundle: zsh-users/zsh-syntax-highlighting DEFER
[WRN][1684188161.6674339771] /usr/local/share/zsh/antigen.zsh:1469
[WRN][1684188161.6674339771] Updated meta: target antigen-bundle mode repeat type pre called 8
[WRN][1684188161.6677005291] /usr/local/share/zsh/antigen.zsh:1469
[WRN][1684188161.6677005291] Updated meta: target antigen-bundle mode repeat type replace called 2
[WRN][1684188161.6678936481] /usr/local/share/zsh/antigen.zsh:1484
[WRN][1684188161.6678936481] Processing hooks: antigen-bundle-cached antigen-bundle-parallel
[WRN][1684188161.6680617332] /usr/local/share/zsh/antigen.zsh:1487
[WRN][1684188161.6680617332] Pre hook: antigen-bundle-cached zsh-users/zsh-syntax-highlighting
[WRN][1684188161.6683447361] /usr/local/share/zsh/antigen.zsh:1498
[WRN][1684188161.6683447361] Replace hook: antigen-bundle-parallel zsh-users/zsh-syntax-highlighting
[TRA][1684188161.6685307026] /home/dmitry/.zshrc:1748
[TRA][1684188161.6685307026] antigen-bundle-parallel: zsh-users/zsh-syntax-highlighting PARALLEL
[TRA][1684188161.6685307026] TRACE
antigen-bundle-parallel
-antigen-hook-handler
antigen-bundle
antigen-apply-defer
-antigen-hook-handler
antigen-apply
-antigen-hook-antigen
-antigen-hook-handler
antigen
/home/dmitry/.zshrc
[WRN][1684188161.6687753201] /usr/local/share/zsh/antigen.zsh:1509
[WRN][1684188161.6687753201] Replaced hooked function.
[LOG][1684188161.6689441204] /usr/local/share/zsh/antigen.zsh:1518
[LOG][1684188161.6689441204] Return from hook antigen-bundle with 0
[LOG][1684188161.6691625118] /usr/local/share/zsh/antigen.zsh:1629
[LOG][1684188161.6691625118] Processing deferred bundle: zsh-users/zsh-autosuggestions DEFER
[WRN][1684188161.6695585251] /usr/local/share/zsh/antigen.zsh:1469
[WRN][1684188161.6695585251] Updated meta: target antigen-bundle mode repeat type pre called 9
[WRN][1684188161.6698215008] /usr/local/share/zsh/antigen.zsh:1469
[WRN][1684188161.6698215008] Updated meta: target antigen-bundle mode repeat type replace called 3
[WRN][1684188161.6700141430] /usr/local/share/zsh/antigen.zsh:1484
[WRN][1684188161.6700141430] Processing hooks: antigen-bundle-cached antigen-bundle-parallel
[WRN][1684188161.6701967716] /usr/local/share/zsh/antigen.zsh:1487
[WRN][1684188161.6701967716] Pre hook: antigen-bundle-cached zsh-users/zsh-autosuggestions
[WRN][1684188161.6704645157] /usr/local/share/zsh/antigen.zsh:1498
[WRN][1684188161.6704645157] Replace hook: antigen-bundle-parallel zsh-users/zsh-autosuggestions
[TRA][1684188161.6706504822] /home/dmitry/.zshrc:1748
[TRA][1684188161.6706504822] antigen-bundle-parallel: zsh-users/zsh-autosuggestions PARALLEL
[TRA][1684188161.6706504822] TRACE
antigen-bundle-parallel
-antigen-hook-handler
antigen-bundle
antigen-apply-defer
-antigen-hook-handler
antigen-apply
-antigen-hook-antigen
-antigen-hook-handler
antigen
/home/dmitry/.zshrc
[WRN][1684188161.6708917618] /usr/local/share/zsh/antigen.zsh:1509
[WRN][1684188161.6708917618] Replaced hooked function.
[LOG][1684188161.6710596085] /usr/local/share/zsh/antigen.zsh:1518
[LOG][1684188161.6710596085] Return from hook antigen-bundle with 0
[LOG][1684188161.6712779999] /usr/local/share/zsh/antigen.zsh:1629
[LOG][1684188161.6712779999] Processing deferred bundle: zsh-users/zsh-completions DEFER
[WRN][1684188161.6716694832] /usr/local/share/zsh/antigen.zsh:1469
[WRN][1684188161.6716694832] Updated meta: target antigen-bundle mode repeat type pre called 10
[WRN][1684188161.6719295979] /usr/local/share/zsh/antigen.zsh:1469
[WRN][1684188161.6719295979] Updated meta: target antigen-bundle mode repeat type replace called 4
[WRN][1684188161.6721227169] /usr/local/share/zsh/antigen.zsh:1484
[WRN][1684188161.6721227169] Processing hooks: antigen-bundle-cached antigen-bundle-parallel
[WRN][1684188161.6723058224] /usr/local/share/zsh/antigen.zsh:1487
[WRN][1684188161.6723058224] Pre hook: antigen-bundle-cached zsh-users/zsh-completions
[WRN][1684188161.6725826263] /usr/local/share/zsh/antigen.zsh:1498
[WRN][1684188161.6725826263] Replace hook: antigen-bundle-parallel zsh-users/zsh-completions
[TRA][1684188161.6727633476] /home/dmitry/.zshrc:1748
[TRA][1684188161.6727633476] antigen-bundle-parallel: zsh-users/zsh-completions PARALLEL
[TRA][1684188161.6727633476] TRACE
antigen-bundle-parallel
-antigen-hook-handler
antigen-bundle
antigen-apply-defer
-antigen-hook-handler
antigen-apply
-antigen-hook-antigen
-antigen-hook-handler
antigen
/home/dmitry/.zshrc
[WRN][1684188161.6730017662] /usr/local/share/zsh/antigen.zsh:1509
[WRN][1684188161.6730017662] Replaced hooked function.
[LOG][1684188161.6731693745] /usr/local/share/zsh/antigen.zsh:1518
[LOG][1684188161.6731693745] Return from hook antigen-bundle with 0
[LOG][1684188161.6734001637] /usr/local/share/zsh/antigen.zsh:1629
[LOG][1684188161.6734001637] Processing deferred bundle: --loc=themes/gentoo --btype=theme DEFER
[WRN][1684188161.6737813950] /usr/local/share/zsh/antigen.zsh:1469
[WRN][1684188161.6737813950] Updated meta: target antigen-bundle mode repeat type pre called 11
[WRN][1684188161.6740422249] /usr/local/share/zsh/antigen.zsh:1469
[WRN][1684188161.6740422249] Updated meta: target antigen-bundle mode repeat type replace called 5
[WRN][1684188161.6742477417] /usr/local/share/zsh/antigen.zsh:1484
[WRN][1684188161.6742477417] Processing hooks: antigen-bundle-cached antigen-bundle-parallel
[WRN][1684188161.6744148731] /usr/local/share/zsh/antigen.zsh:1487
[WRN][1684188161.6744148731] Pre hook: antigen-bundle-cached --loc=themes/gentoo --btype=theme
[WRN][1684188161.6746857166] /usr/local/share/zsh/antigen.zsh:1498
[WRN][1684188161.6746857166] Replace hook: antigen-bundle-parallel --loc=themes/gentoo --btype=theme
[TRA][1684188161.6748671532] /home/dmitry/.zshrc:1748
[TRA][1684188161.6748671532] antigen-bundle-parallel: --loc=themes/gentoo --btype=theme PARALLEL
[TRA][1684188161.6748671532] TRACE
antigen-bundle-parallel
-antigen-hook-handler
antigen-bundle
antigen-apply-defer
-antigen-hook-handler
antigen-apply
-antigen-hook-antigen
-antigen-hook-handler
antigen
/home/dmitry/.zshrc
[WRN][1684188161.6751093864] /usr/local/share/zsh/antigen.zsh:1509
[WRN][1684188161.6751093864] Replaced hooked function.
[LOG][1684188161.6752774715] /usr/local/share/zsh/antigen.zsh:1518
[LOG][1684188161.6752774715] Return from hook antigen-bundle with 0
[LOG][1684188161.6755139828] /usr/local/share/zsh/antigen.zsh:1629
[LOG][1684188161.6755139828] Processing deferred bundle: genpass DEFER
[WRN][1684188161.6758852005] /usr/local/share/zsh/antigen.zsh:1469
[WRN][1684188161.6758852005] Updated meta: target antigen-bundle mode repeat type pre called 12
[WRN][1684188161.6761443615] /usr/local/share/zsh/antigen.zsh:1469
[WRN][1684188161.6761443615] Updated meta: target antigen-bundle mode repeat type replace called 6
[WRN][1684188161.6763484478] /usr/local/share/zsh/antigen.zsh:1484
[WRN][1684188161.6763484478] Processing hooks: antigen-bundle-cached antigen-bundle-parallel
[WRN][1684188161.6765224934] /usr/local/share/zsh/antigen.zsh:1487
[WRN][1684188161.6765224934] Pre hook: antigen-bundle-cached genpass
[WRN][1684188161.6767852306] /usr/local/share/zsh/antigen.zsh:1498
[WRN][1684188161.6767852306] Replace hook: antigen-bundle-parallel genpass
[TRA][1684188161.6769642830] /home/dmitry/.zshrc:1748
[TRA][1684188161.6769642830] antigen-bundle-parallel: genpass PARALLEL
[TRA][1684188161.6769642830] TRACE
antigen-bundle-parallel
-antigen-hook-handler
antigen-bundle
antigen-apply-defer
-antigen-hook-handler
antigen-apply
-antigen-hook-antigen
-antigen-hook-handler
antigen
/home/dmitry/.zshrc
[WRN][1684188161.6772053242] /usr/local/share/zsh/antigen.zsh:1509
[WRN][1684188161.6772053242] Replaced hooked function.
[LOG][1684188161.6773736477] /usr/local/share/zsh/antigen.zsh:1518
[LOG][1684188161.6773736477] Return from hook antigen-bundle with 0
[WRN][1684188161.6776823997] /usr/local/share/zsh/antigen.zsh:1498
[WRN][1684188161.6776823997] Replace hook: antigen-apply-parallel-execute
[WRN][1684188161.6778588295] /usr/local/share/zsh/antigen.zsh:1756
[WRN][1684188161.6778588295] Parallel replace-apply PARALLEL REPLACE-APPLY
[WRN][1684188161.6782689095] /usr/local/share/zsh/antigen.zsh:1695
[WRN][1684188161.6782689095] Parallel antigen-bundle-parallel-execute PARALLEL
[WRN][1684188161.6784737110] /usr/local/share/zsh/antigen.zsh:1699
[WRN][1684188161.6784737110] Gonna install in parallel 6 bundles. PARALLEL
[WRN][1684188161.6786386967] /usr/local/share/zsh/antigen.zsh:1701
[WRN][1684188161.6786386967] --loc=lib zsh-users/zsh-syntax-highlighting zsh-users/zsh-autosuggestions zsh-users/zsh-completions --loc=themes/gentoo --btype=theme genpass PARALLEL
[WRN][1684188161.6801660061] /usr/local/share/zsh/antigen.zsh:1708
[WRN][1684188161.6801660061] Install in parallel robbyrussell/oh-my-zsh. PARALLEL
[WRN][1684188161.6828567982] /usr/local/share/zsh/antigen.zsh:1708
[WRN][1684188161.6828567982] Install in parallel zsh-users/zsh-syntax-highlighting. PARALLEL
[WRN][1684188161.6853294373] /usr/local/share/zsh/antigen.zsh:1708
[WRN][1684188161.6853294373] Install in parallel zsh-users/zsh-autosuggestions. PARALLEL
[WRN][1684188161.6877257824] /usr/local/share/zsh/antigen.zsh:1708
[WRN][1684188161.6877257824] Install in parallel zsh-users/zsh-completions. PARALLEL
[WRN][1684188161.6897151470] /usr/local/share/zsh/antigen.zsh:1715
[WRN][1684188161.6897151470] Bundle robbyrussell/oh-my-zsh already cloned locally. PARALLEL
[WRN][1684188161.6908726692] /usr/local/share/zsh/antigen.zsh:1715
[WRN][1684188161.6908726692] Bundle robbyrussell/oh-my-zsh already cloned locally. PARALLEL
[WRN][1684188173.4520275593] /usr/local/share/zsh/antigen.zsh:1469
[WRN][1684188173.4520275593] Updated meta: target antigen-bundle mode repeat type pre called 13
[WRN][1684188173.4521408081] /usr/local/share/zsh/antigen.zsh:1484
[WRN][1684188173.4521408081] Processing hooks: antigen-bundle-cached
[WRN][1684188173.4522249699] /usr/local/share/zsh/antigen.zsh:1487
[WRN][1684188173.4522249699] Pre hook: antigen-bundle-cached --loc=lib
[WRN][1684188173.4523386955] /usr/local/share/zsh/antigen.zsh:1505
[WRN][1684188173.4523386955] -antigen-hook-antigen-bundle --loc=lib
[TRA][1684188173.4524197578] /usr/local/share/zsh/antigen.zsh:1438
[TRA][1684188173.4524197578] Called antigen-bundle with --loc=lib BUNDLE
[TRA][1684188173.4524197578] TRACE
-antigen-hook-antigen-bundle
-antigen-hook-handler
antigen-bundle
antigen-bundle-parallel-execute
antigen-apply-parallel-execute
-antigen-hook-handler
antigen-apply
-antigen-hook-antigen
-antigen-hook-handler
antigen
/home/dmitry/.zshrc
[WRN][1684188173.4532377720] /usr/local/share/zsh/antigen.zsh:1469
[WRN][1684188173.4532377720] Updated meta: target -antigen-load-env mode repeat type replace called 1
[WRN][1684188173.4533240795] /usr/local/share/zsh/antigen.zsh:1484
[WRN][1684188173.4533240795] Processing hooks: -antigen-load-env-cached
[WRN][1684188173.4534313679] /usr/local/share/zsh/antigen.zsh:1498
[WRN][1684188173.4534313679] Replace hook: -antigen-load-env-cached dir /home/dmitry/.antigen/bundles/robbyrussell/oh-my-zsh btype plugin url https://github.com/robbyrussell/oh-my-zsh.git loc lib name robbyrussell/oh-my-zsh make_local_clone true
[WRN][1684188173.4535708427] /usr/local/share/zsh/antigen.zsh:1509
[WRN][1684188173.4535708427] Replaced hooked function.
[LOG][1684188173.4536437988] /usr/local/share/zsh/antigen.zsh:1518
[LOG][1684188173.4536437988] Return from hook -antigen-load-env with 0
[WRN][1684188173.4538638592] /usr/local/share/zsh/antigen.zsh:1469
[WRN][1684188173.4538638592] Updated meta: target -antigen-load-source mode repeat type replace called 1
[WRN][1684188173.4539437294] /usr/local/share/zsh/antigen.zsh:1484
[WRN][1684188173.4539437294] Processing hooks: -antigen-load-source-cached
[WRN][1684188173.4540479183] /usr/local/share/zsh/antigen.zsh:1498
[WRN][1684188173.4540479183] Replace hook: -antigen-load-source-cached /home/dmitry/.antigen/bundles/robbyrussell/oh-my-zsh/lib/bzr.zsh /home/dmitry/.antigen/bundles/robbyrussell/oh-my-zsh/lib/cli.zsh /home/dmitry/.antigen/bundles/robbyrussell/oh-my-zsh/lib/clipboard.zsh /home/dmitry/.antigen/bundles/robbyrussell/oh-my-zsh/lib/compfix.zsh /home/dmitry/.antigen/bundles/robbyrussell/oh-my-zsh/lib/completion.zsh /home/dmitry/.antigen/bundles/robbyrussell/oh-my-zsh/lib/correction.zsh /home/dmitry/.antigen/bundles/robbyrussell/oh-my-zsh/lib/diagnostics.zsh /home/dmitry/.antigen/bundles/robbyrussell/oh-my-zsh/lib/directories.zsh /home/dmitry/.antigen/bundles/robbyrussell/oh-my-zsh/lib/functions.zsh /home/dmitry/.antigen/bundles/robbyrussell/oh-my-zsh/lib/git.zsh /home/dmitry/.antigen/bundles/robbyrussell/oh-my-zsh/lib/grep.zsh /home/dmitry/.antigen/bundles/robbyrussell/oh-my-zsh/lib/history.zsh /home/dmitry/.antigen/bundles/robbyrussell/oh-my-zsh/lib/key-bindings.zsh /home/dmitry/.antigen/bundles/robbyrussell/oh-my-zsh/lib/misc.zsh /home/dmitry/.antigen/bundles/robbyrussell/oh-my-zsh/lib/nvm.zsh /home/dmitry/.antigen/bundles/robbyrussell/oh-my-zsh/lib/prompt_info_functions.zsh /home/dmitry/.antigen/bundles/robbyrussell/oh-my-zsh/lib/spectrum.zsh /home/dmitry/.antigen/bundles/robbyrussell/oh-my-zsh/lib/termsupport.zsh /home/dmitry/.antigen/bundles/robbyrussell/oh-my-zsh/lib/theme-and-appearance.zsh /home/dmitry/.antigen/bundles/robbyrussell/oh-my-zsh/lib/vcs_info.zsh
[WRN][1684188173.4542074203] /usr/local/share/zsh/antigen.zsh:1509
[WRN][1684188173.4542074203] Replaced hooked function.
[LOG][1684188173.4542822838] /usr/local/share/zsh/antigen.zsh:1518
[LOG][1684188173.4542822838] Return from hook -antigen-load-source with 0
[LOG][1684188173.4543986320] /usr/local/share/zsh/antigen.zsh:1518
[LOG][1684188173.4543986320] Return from hook antigen-bundle with 0
[WRN][1684188173.4545648098] /usr/local/share/zsh/antigen.zsh:1469
[WRN][1684188173.4545648098] Updated meta: target antigen-bundle mode repeat type pre called 14
[WRN][1684188173.4546413422] /usr/local/share/zsh/antigen.zsh:1484
[WRN][1684188173.4546413422] Processing hooks: antigen-bundle-cached
[WRN][1684188173.4547147751] /usr/local/share/zsh/antigen.zsh:1487
[WRN][1684188173.4547147751] Pre hook: antigen-bundle-cached zsh-users/zsh-syntax-highlighting
[WRN][1684188173.4548101425] /usr/local/share/zsh/antigen.zsh:1505
[WRN][1684188173.4548101425] -antigen-hook-antigen-bundle zsh-users/zsh-syntax-highlighting
[TRA][1684188173.4548821449] /usr/local/share/zsh/antigen.zsh:1438
[TRA][1684188173.4548821449] Called antigen-bundle with zsh-users/zsh-syntax-highlighting BUNDLE
[TRA][1684188173.4548821449] TRACE
-antigen-hook-antigen-bundle
-antigen-hook-handler
antigen-bundle
antigen-bundle-parallel-execute
antigen-apply-parallel-execute
-antigen-hook-handler
antigen-apply
-antigen-hook-antigen
-antigen-hook-handler
antigen
/home/dmitry/.zshrc
[WRN][1684188173.4556901455] /usr/local/share/zsh/antigen.zsh:1469
[WRN][1684188173.4556901455] Updated meta: target -antigen-load-env mode repeat type replace called 2
[WRN][1684188173.4557802677] /usr/local/share/zsh/antigen.zsh:1484
[WRN][1684188173.4557802677] Processing hooks: -antigen-load-env-cached
[WRN][1684188173.4558737278] /usr/local/share/zsh/antigen.zsh:1498
[WRN][1684188173.4558737278] Replace hook: -antigen-load-env-cached dir /home/dmitry/.antigen/bundles/zsh-users/zsh-syntax-highlighting btype plugin url https://github.com/zsh-users/zsh-syntax-highlighting.git loc / name zsh-users/zsh-syntax-highlighting make_local_clone true
[WRN][1684188173.4560098648] /usr/local/share/zsh/antigen.zsh:1509
[WRN][1684188173.4560098648] Replaced hooked function.
[LOG][1684188173.4560811520] /usr/local/share/zsh/antigen.zsh:1518
[LOG][1684188173.4560811520] Return from hook -antigen-load-env with 0
[WRN][1684188173.4562468529] /usr/local/share/zsh/antigen.zsh:1469
[WRN][1684188173.4562468529] Updated meta: target -antigen-load-source mode repeat type replace called 2
[WRN][1684188173.4563264847] /usr/local/share/zsh/antigen.zsh:1484
[WRN][1684188173.4563264847] Processing hooks: -antigen-load-source-cached
[WRN][1684188173.4564154148] /usr/local/share/zsh/antigen.zsh:1498
[WRN][1684188173.4564154148] Replace hook: -antigen-load-source-cached /home/dmitry/.antigen/bundles/zsh-users/zsh-syntax-highlighting///zsh-syntax-highlighting.plugin.zsh
[WRN][1684188173.4565088749] /usr/local/share/zsh/antigen.zsh:1509
[WRN][1684188173.4565088749] Replaced hooked function.
[LOG][1684188173.4565775394] /usr/local/share/zsh/antigen.zsh:1518
[LOG][1684188173.4565775394] Return from hook -antigen-load-source with 0
[LOG][1684188173.4566934109] /usr/local/share/zsh/antigen.zsh:1518
[LOG][1684188173.4566934109] Return from hook antigen-bundle with 0
[WRN][1684188173.4568524361] /usr/local/share/zsh/antigen.zsh:1469
[WRN][1684188173.4568524361] Updated meta: target antigen-bundle mode repeat type pre called 15
[WRN][1684188173.4569284916] /usr/local/share/zsh/antigen.zsh:1484
[WRN][1684188173.4569284916] Processing hooks: antigen-bundle-cached
[WRN][1684188173.4569952488] /usr/local/share/zsh/antigen.zsh:1487
[WRN][1684188173.4569952488] Pre hook: antigen-bundle-cached zsh-users/zsh-autosuggestions
[WRN][1684188173.4570951462] /usr/local/share/zsh/antigen.zsh:1505
[WRN][1684188173.4570951462] -antigen-hook-antigen-bundle zsh-users/zsh-autosuggestions
[TRA][1684188173.4571673870] /usr/local/share/zsh/antigen.zsh:1438
[TRA][1684188173.4571673870] Called antigen-bundle with zsh-users/zsh-autosuggestions BUNDLE
[TRA][1684188173.4571673870] TRACE
-antigen-hook-antigen-bundle
-antigen-hook-handler
antigen-bundle
antigen-bundle-parallel-execute
antigen-apply-parallel-execute
-antigen-hook-handler
antigen-apply
-antigen-hook-antigen
-antigen-hook-handler
antigen
/home/dmitry/.zshrc
[WRN][1684188173.4579408169] /usr/local/share/zsh/antigen.zsh:1469
[WRN][1684188173.4579408169] Updated meta: target -antigen-load-env mode repeat type replace called 3
[WRN][1684188173.4580245018] /usr/local/share/zsh/antigen.zsh:1484
[WRN][1684188173.4580245018] Processing hooks: -antigen-load-env-cached
[WRN][1684188173.4581236839] /usr/local/share/zsh/antigen.zsh:1498
[WRN][1684188173.4581236839] Replace hook: -antigen-load-env-cached dir /home/dmitry/.antigen/bundles/zsh-users/zsh-autosuggestions btype plugin url https://github.com/zsh-users/zsh-autosuggestions.git loc / name zsh-users/zsh-autosuggestions make_local_clone true
[WRN][1684188173.4582619667] /usr/local/share/zsh/antigen.zsh:1509
[WRN][1684188173.4582619667] Replaced hooked function.
[LOG][1684188173.4583325386] /usr/local/share/zsh/antigen.zsh:1518
[LOG][1684188173.4583325386] Return from hook -antigen-load-env with 0
[WRN][1684188173.4585070610] /usr/local/share/zsh/antigen.zsh:1469
[WRN][1684188173.4585070610] Updated meta: target -antigen-load-source mode repeat type replace called 3
[WRN][1684188173.4585862160] /usr/local/share/zsh/antigen.zsh:1484
[WRN][1684188173.4585862160] Processing hooks: -antigen-load-source-cached
[WRN][1684188173.4586708546] /usr/local/share/zsh/antigen.zsh:1498
[WRN][1684188173.4586708546] Replace hook: -antigen-load-source-cached /home/dmitry/.antigen/bundles/zsh-users/zsh-autosuggestions///zsh-autosuggestions.plugin.zsh
[WRN][1684188173.4587666988] /usr/local/share/zsh/antigen.zsh:1509
[WRN][1684188173.4587666988] Replaced hooked function.
[LOG][1684188173.4588358402] /usr/local/share/zsh/antigen.zsh:1518
[LOG][1684188173.4588358402] Return from hook -antigen-load-source with 0
[LOG][1684188173.4589469433] /usr/local/share/zsh/antigen.zsh:1518
[LOG][1684188173.4589469433] Return from hook antigen-bundle with 0
[WRN][1684188173.4591114521] /usr/local/share/zsh/antigen.zsh:1469
[WRN][1684188173.4591114521] Updated meta: target antigen-bundle mode repeat type pre called 16
[WRN][1684188173.4591870308] /usr/local/share/zsh/antigen.zsh:1484
[WRN][1684188173.4591870308] Processing hooks: antigen-bundle-cached
[WRN][1684188173.4592535496] /usr/local/share/zsh/antigen.zsh:1487
[WRN][1684188173.4592535496] Pre hook: antigen-bundle-cached zsh-users/zsh-completions
[WRN][1684188173.4593484402] /usr/local/share/zsh/antigen.zsh:1505
[WRN][1684188173.4593484402] -antigen-hook-antigen-bundle zsh-users/zsh-completions
[TRA][1684188173.4594252110] /usr/local/share/zsh/antigen.zsh:1438
[TRA][1684188173.4594252110] Called antigen-bundle with zsh-users/zsh-completions BUNDLE
[TRA][1684188173.4594252110] TRACE
-antigen-hook-antigen-bundle
-antigen-hook-handler
antigen-bundle
antigen-bundle-parallel-execute
antigen-apply-parallel-execute
-antigen-hook-handler
antigen-apply
-antigen-hook-antigen
-antigen-hook-handler
antigen
/home/dmitry/.zshrc
[WRN][1684188173.4601461887] /usr/local/share/zsh/antigen.zsh:1469
[WRN][1684188173.4601461887] Updated meta: target -antigen-load-env mode repeat type replace called 4
[WRN][1684188173.4602289200] /usr/local/share/zsh/antigen.zsh:1484
[WRN][1684188173.4602289200] Processing hooks: -antigen-load-env-cached
[WRN][1684188173.4603207111] /usr/local/share/zsh/antigen.zsh:1498
[WRN][1684188173.4603207111] Replace hook: -antigen-load-env-cached dir /home/dmitry/.antigen/bundles/zsh-users/zsh-completions btype plugin url https://github.com/zsh-users/zsh-completions.git loc / name zsh-users/zsh-completions make_local_clone true
[WRN][1684188173.4604556561] /usr/local/share/zsh/antigen.zsh:1509
[WRN][1684188173.4604556561] Replaced hooked function.
[LOG][1684188173.4605276585] /usr/local/share/zsh/antigen.zsh:1518
[LOG][1684188173.4605276585] Return from hook -antigen-load-env with 0
[WRN][1684188173.4606945515] /usr/local/share/zsh/antigen.zsh:1469
[WRN][1684188173.4606945515] Updated meta: target -antigen-load-source mode repeat type replace called 4
[WRN][1684188173.4607787132] /usr/local/share/zsh/antigen.zsh:1484
[WRN][1684188173.4607787132] Processing hooks: -antigen-load-source-cached
[WRN][1684188173.4608619213] /usr/local/share/zsh/antigen.zsh:1498
[WRN][1684188173.4608619213] Replace hook: -antigen-load-source-cached /home/dmitry/.antigen/bundles/zsh-users/zsh-completions///zsh-completions.plugin.zsh
[WRN][1684188173.4609520435] /usr/local/share/zsh/antigen.zsh:1509
[WRN][1684188173.4609520435] Replaced hooked function.
[LOG][1684188173.4610264301] /usr/local/share/zsh/antigen.zsh:1518
[LOG][1684188173.4610264301] Return from hook -antigen-load-source with 0
[LOG][1684188173.4611387253] /usr/local/share/zsh/antigen.zsh:1518
[LOG][1684188173.4611387253] Return from hook antigen-bundle with 0
[WRN][1684188173.4612975121] /usr/local/share/zsh/antigen.zsh:1469
[WRN][1684188173.4612975121] Updated meta: target antigen-bundle mode repeat type pre called 17
[WRN][1684188173.4613730907] /usr/local/share/zsh/antigen.zsh:1484
[WRN][1684188173.4613730907] Processing hooks: antigen-bundle-cached
[WRN][1684188173.4614448547] /usr/local/share/zsh/antigen.zsh:1487
[WRN][1684188173.4614448547] Pre hook: antigen-bundle-cached --loc=themes/gentoo --btype=theme
[WRN][1684188173.4615411758] /usr/local/share/zsh/antigen.zsh:1505
[WRN][1684188173.4615411758] -antigen-hook-antigen-bundle --loc=themes/gentoo --btype=theme
[TRA][1684188173.4616127014] /usr/local/share/zsh/antigen.zsh:1438
[TRA][1684188173.4616127014] Called antigen-bundle with --loc=themes/gentoo --btype=theme BUNDLE
[TRA][1684188173.4616127014] TRACE
-antigen-hook-antigen-bundle
-antigen-hook-handler
antigen-bundle
antigen-bundle-parallel-execute
antigen-apply-parallel-execute
-antigen-hook-handler
antigen-apply
-antigen-hook-antigen
-antigen-hook-handler
antigen
/home/dmitry/.zshrc
[WRN][1684188173.4622542858] /usr/local/share/zsh/antigen.zsh:1469
[WRN][1684188173.4622542858] Updated meta: target -antigen-load-env mode repeat type replace called 5
[WRN][1684188173.4623382092] /usr/local/share/zsh/antigen.zsh:1484
[WRN][1684188173.4623382092] Processing hooks: -antigen-load-env-cached
[WRN][1684188173.4624361992] /usr/local/share/zsh/antigen.zsh:1498
[WRN][1684188173.4624361992] Replace hook: -antigen-load-env-cached dir /home/dmitry/.antigen/bundles/robbyrussell/oh-my-zsh btype theme url https://github.com/robbyrussell/oh-my-zsh.git loc themes/gentoo.zsh-theme name robbyrussell/oh-my-zsh make_local_clone true
[WRN][1684188173.4625644684] /usr/local/share/zsh/antigen.zsh:1509
[WRN][1684188173.4625644684] Replaced hooked function.
[LOG][1684188173.4626407623] /usr/local/share/zsh/antigen.zsh:1518
[LOG][1684188173.4626407623] Return from hook -antigen-load-env with 0
[WRN][1684188173.4628055096] /usr/local/share/zsh/antigen.zsh:1469
[WRN][1684188173.4628055096] Updated meta: target -antigen-load-source mode repeat type replace called 5
[WRN][1684188173.4628841877] /usr/local/share/zsh/antigen.zsh:1484
[WRN][1684188173.4628841877] Processing hooks: -antigen-load-source-cached
[WRN][1684188173.4629721642] /usr/local/share/zsh/antigen.zsh:1498
[WRN][1684188173.4629721642] Replace hook: -antigen-load-source-cached /home/dmitry/.antigen/bundles/robbyrussell/oh-my-zsh/themes/gentoo.zsh-theme
[WRN][1684188173.4630627632] /usr/local/share/zsh/antigen.zsh:1509
[WRN][1684188173.4630627632] Replaced hooked function.
[LOG][1684188173.4631316662] /usr/local/share/zsh/antigen.zsh:1518
[LOG][1684188173.4631316662] Return from hook -antigen-load-source with 0
[LOG][1684188173.4632427692] /usr/local/share/zsh/antigen.zsh:1518
[LOG][1684188173.4632427692] Return from hook antigen-bundle with 0
[WRN][1684188173.4634063244] /usr/local/share/zsh/antigen.zsh:1469
[WRN][1684188173.4634063244] Updated meta: target antigen-bundle mode repeat type pre called 18
[WRN][1684188173.4634823799] /usr/local/share/zsh/antigen.zsh:1484
[WRN][1684188173.4634823799] Processing hooks: antigen-bundle-cached
[WRN][1684188173.4635508060] /usr/local/share/zsh/antigen.zsh:1487
[WRN][1684188173.4635508060] Pre hook: antigen-bundle-cached genpass
[WRN][1684188173.4636504650] /usr/local/share/zsh/antigen.zsh:1505
[WRN][1684188173.4636504650] -antigen-hook-antigen-bundle genpass
[TRA][1684188173.4637215137] /usr/local/share/zsh/antigen.zsh:1438
[TRA][1684188173.4637215137] Called antigen-bundle with genpass BUNDLE
[TRA][1684188173.4637215137] TRACE
-antigen-hook-antigen-bundle
-antigen-hook-handler
antigen-bundle
antigen-bundle-parallel-execute
antigen-apply-parallel-execute
-antigen-hook-handler
antigen-apply
-antigen-hook-antigen
-antigen-hook-handler
antigen
/home/dmitry/.zshrc
[WRN][1684188173.4644131660] /usr/local/share/zsh/antigen.zsh:1469
[WRN][1684188173.4644131660] Updated meta: target -antigen-load-env mode repeat type replace called 6
[WRN][1684188173.4644978046] /usr/local/share/zsh/antigen.zsh:1484
[WRN][1684188173.4644978046] Processing hooks: -antigen-load-env-cached
[WRN][1684188173.4645903111] /usr/local/share/zsh/antigen.zsh:1498
[WRN][1684188173.4645903111] Replace hook: -antigen-load-env-cached dir /home/dmitry/.antigen/bundles/robbyrussell/oh-my-zsh btype plugin url https://github.com/robbyrussell/oh-my-zsh.git loc plugins/genpass name robbyrussell/oh-my-zsh make_local_clone true
[WRN][1684188173.4647245407] /usr/local/share/zsh/antigen.zsh:1509
[WRN][1684188173.4647245407] Replaced hooked function.
[LOG][1684188173.4647951126] /usr/local/share/zsh/antigen.zsh:1518
[LOG][1684188173.4647951126] Return from hook -antigen-load-env with 0
[WRN][1684188173.4649598598] /usr/local/share/zsh/antigen.zsh:1469
[WRN][1684188173.4649598598] Updated meta: target -antigen-load-source mode repeat type replace called 6
[WRN][1684188173.4650447369] /usr/local/share/zsh/antigen.zsh:1484
[WRN][1684188173.4650447369] Processing hooks: -antigen-load-source-cached
[WRN][1684188173.4651279449] /usr/local/share/zsh/antigen.zsh:1498
[WRN][1684188173.4651279449] Replace hook: -antigen-load-source-cached /home/dmitry/.antigen/bundles/robbyrussell/oh-my-zsh/plugins/genpass/genpass.plugin.zsh
[WRN][1684188173.4652180672] /usr/local/share/zsh/antigen.zsh:1509
[WRN][1684188173.4652180672] Replaced hooked function.
[LOG][1684188173.4652924538] /usr/local/share/zsh/antigen.zsh:1518
[LOG][1684188173.4652924538] Return from hook -antigen-load-source with 0
[LOG][1684188173.4654061794] /usr/local/share/zsh/antigen.zsh:1518
[LOG][1684188173.4654061794] Return from hook antigen-bundle with 0
[WRN][1684188173.4654910564] /usr/local/share/zsh/antigen.zsh:1739
[WRN][1684188173.4654910564] Parallel install done PARALLEL
[WRN][1684188173.4657149315] /usr/local/share/zsh/antigen.zsh:1462
[WRN][1684188173.4657149315] Ignoring hook due to mode once: antigen-apply-lock
[WRN][1684188173.4658045769] /usr/local/share/zsh/antigen.zsh:1462
[WRN][1684188173.4658045769] Ignoring hook due to mode once: antigen-apply-parallel
[WRN][1684188173.4658861160] /usr/local/share/zsh/antigen.zsh:1462
[WRN][1684188173.4658861160] Ignoring hook due to mode once: antigen-apply-defer
[WRN][1684188173.4659671783] /usr/local/share/zsh/antigen.zsh:1462
[WRN][1684188173.4659671783] Ignoring hook due to mode once: antigen-apply-cached
[WRN][1684188173.4660406113] /usr/local/share/zsh/antigen.zsh:1484
[WRN][1684188173.4660406113] Processing hooks: antigen-apply-lock antigen-apply-parallel antigen-apply-defer antigen-apply-cached
[WRN][1684188173.4661157131] /usr/local/share/zsh/antigen.zsh:1505
[WRN][1684188173.4661157131] -antigen-hook-antigen-apply 
[LOG][1684188173.4661860466] /usr/local/share/zsh/antigen.zsh:1438
[LOG][1684188173.4661860466] Called antigen-apply
[TRA][1684188173.4662487507] /usr/local/share/zsh/antigen.zsh:1439
[TRA][1684188173.4662487507] Gonna create compdump file @ apply COMPDUMP
[TRA][1684188173.4662487507] TRACE
-antigen-hook-antigen-apply
-antigen-hook-handler
antigen-apply
antigen-apply-parallel-execute
-antigen-hook-handler
antigen-apply
-antigen-hook-antigen
-antigen-hook-handler
antigen
/home/dmitry/.zshrc
[LOG][1684188173.9322779179] /usr/local/share/zsh/antigen.zsh:1518
[LOG][1684188173.9322779179] Return from hook antigen-apply with 0
[WRN][1684188173.9324321747] /usr/local/share/zsh/antigen.zsh:1509
[WRN][1684188173.9324321747] Replaced hooked function.
[WRN][1684188173.9325106144] /usr/local/share/zsh/antigen.zsh:1513
[WRN][1684188173.9325106144] Post hook: antigen-apply-lock
[WRN][1684188173.9325804710] /usr/local/share/zsh/antigen.zsh:1676
[WRN][1684188173.9325804710] Freeing antigen-lock file at /home/dmitry/.antigen/.lock
[WRN][1684188173.9335148335] /usr/local/share/zsh/antigen.zsh:1513
[WRN][1684188173.9335148335] Post hook: antigen-apply-cached
[LOG][1684188173.9336023331] /usr/local/share/zsh/antigen.zsh:1893
[LOG][1684188173.9336023331] TRACE: /usr/local/share/zsh/antigen.zsh:1514 /usr/local/share/zsh/antigen.zsh:1441 /usr/local/share/zsh/antigen.zsh:1447 /usr/local/share/zsh/antigen.zsh:1506 /usr/local/share/zsh/antigen.zsh:1441 /home/dmitry/.zshrc:8 zsh:0
[LOG][1684188173.9337425232] /usr/local/share/zsh/antigen.zsh:1787
[LOG][1684188173.9337425232] Gonna generate cache for /home/dmitry/.antigen/bundles/robbyrussell/oh-my-zsh/lib /home/dmitry/.antigen/bundles/robbyrussell/oh-my-zsh/lib/bzr.zsh /home/dmitry/.antigen/bundles/robbyrussell/oh-my-zsh/lib/cli.zsh /home/dmitry/.antigen/bundles/robbyrussell/oh-my-zsh/lib/clipboard.zsh /home/dmitry/.antigen/bundles/robbyrussell/oh-my-zsh/lib/compfix.zsh /home/dmitry/.antigen/bundles/robbyrussell/oh-my-zsh/lib/completion.zsh /home/dmitry/.antigen/bundles/robbyrussell/oh-my-zsh/lib/correction.zsh /home/dmitry/.antigen/bundles/robbyrussell/oh-my-zsh/lib/diagnostics.zsh /home/dmitry/.antigen/bundles/robbyrussell/oh-my-zsh/lib/directories.zsh /home/dmitry/.antigen/bundles/robbyrussell/oh-my-zsh/lib/functions.zsh /home/dmitry/.antigen/bundles/robbyrussell/oh-my-zsh/lib/git.zsh /home/dmitry/.antigen/bundles/robbyrussell/oh-my-zsh/lib/grep.zsh /home/dmitry/.antigen/bundles/robbyrussell/oh-my-zsh/lib/history.zsh /home/dmitry/.antigen/bundles/robbyrussell/oh-my-zsh/lib/key-bindings.zsh /home/dmitry/.antigen/bundles/robbyrussell/oh-my-zsh/lib/misc.zsh /home/dmitry/.antigen/bundles/robbyrussell/oh-my-zsh/lib/nvm.zsh /home/dmitry/.antigen/bundles/robbyrussell/oh-my-zsh/lib/prompt_info_functions.zsh /home/dmitry/.antigen/bundles/robbyrussell/oh-my-zsh/lib/spectrum.zsh /home/dmitry/.antigen/bundles/robbyrussell/oh-my-zsh/lib/termsupport.zsh /home/dmitry/.antigen/bundles/robbyrussell/oh-my-zsh/lib/theme-and-appearance.zsh /home/dmitry/.antigen/bundles/robbyrussell/oh-my-zsh/lib/vcs_info.zsh /home/dmitry/.antigen/bundles/zsh-users/zsh-syntax-highlighting// /home/dmitry/.antigen/bundles/zsh-users/zsh-syntax-highlighting///zsh-syntax-highlighting.plugin.zsh /home/dmitry/.antigen/bundles/zsh-users/zsh-autosuggestions// /home/dmitry/.antigen/bundles/zsh-users/zsh-autosuggestions///zsh-autosuggestions.plugin.zsh /home/dmitry/.antigen/bundles/zsh-users/zsh-completions// /home/dmitry/.antigen/bundles/zsh-users/zsh-completions///zsh-completions.plugin.zsh /home/dmitry/.antigen/bundles/robbyrussell/oh-my-zsh/themes/gentoo.zsh-theme /home/dmitry/.antigen/bundles/robbyrussell/oh-my-zsh/themes/gentoo.zsh-theme /home/dmitry/.antigen/bundles/robbyrussell/oh-my-zsh/plugins/genpass /home/dmitry/.antigen/bundles/robbyrussell/oh-my-zsh/plugins/genpass/genpass.plugin.zsh
[LOG][1684188173.9402801991] /usr/local/share/zsh/antigen.zsh:1844
[LOG][1684188173.9402801991] CHECK_FILES /home/dmitry/.zshrc /home/dmitry/.zshrc
[LOG][1684188173.9741785526] /usr/local/share/zsh/antigen.zsh:1518
[LOG][1684188173.9741785526] Return from hook antigen-apply with 0
[LOG][1684188173.9742982388] /usr/local/share/zsh/antigen.zsh:1518
[LOG][1684188173.9742982388] Return from hook antigen with 0
